<?xml version="1.0" encoding="UTF-8"?>
<testng-results skipped="0" failed="0" ignored="0" total="1" passed="1">
  <reporter-output>
  </reporter-output>
  <suite name="Default suite" duration-ms="4074" started-at="2021-05-25T08:44:25 IST" finished-at="2021-05-25T08:44:29 IST">
    <groups>
    </groups>
    <test name="Default test" duration-ms="4074" started-at="2021-05-25T08:44:25 IST" finished-at="2021-05-25T08:44:29 IST">
      <class name="TC002_Post_Request">
        <test-method status="PASS" signature="setup()[pri:0, instance:TC002_Post_Request@1aeada1]" name="setup" is-config="true" duration-ms="16" started-at="2021-05-25T08:44:25 IST" finished-at="2021-05-25T08:44:25 IST">
          <reporter-output>
          </reporter-output>
        </test-method> <!-- setup -->
        <test-method status="PASS" signature="postRequest()[pri:0, instance:TC002_Post_Request@1aeada1]" name="postRequest" duration-ms="3980" started-at="2021-05-25T08:44:25 IST" finished-at="2021-05-25T08:44:29 IST">
          <reporter-output>
          </reporter-output>
        </test-method> <!-- postRequest -->
      </class> <!-- TC002_Post_Request -->
    </test> <!-- Default test -->
  </suite> <!-- Default suite -->
</testng-results>
